0 info it worked if it ends with ok
1 verbose cli [ 'C:\\Program Files\\nodejs\\node.exe',
1 verbose cli   'C:\\Program Files\\nodejs\\node_modules\\npm\\bin\\npm-cli.js',
1 verbose cli   'run',
1 verbose cli   'prod' ]
2 info using npm@3.10.10
3 info using node@v6.11.2
4 verbose run-script [ 'preprod', 'prod', 'postprod' ]
5 info lifecycle SAJIC@1.0.0~preprod: SAJIC@1.0.0
6 silly lifecycle SAJIC@1.0.0~preprod: no script for preprod, continuing
7 info lifecycle SAJIC@1.0.0~prod: SAJIC@1.0.0
8 verbose lifecycle SAJIC@1.0.0~prod: unsafe-perm in lifecycle true
9 verbose lifecycle SAJIC@1.0.0~prod: PATH: C:\Program Files\nodejs\node_modules\npm\bin\node-gyp-bin;C:\Users\Migs\Projects\SAJIC\node_modules\.bin;C:\Program Files (x86)\NVIDIA Corporation\PhysX\Common;C:\ProgramData\Oracle\Java\javapath;C:\WINDOWS\system32;C:\WINDOWS;C:\WINDOWS\System32\Wbem;C:\WINDOWS\System32\WindowsPowerShell\v1.0\;C:\Program Files\nodejs\;C:\Program Files\Git\cmd;C:\Program Files (x86)\Skype\Phone\;C:\xampp\php;C:\ProgramData\ComposerSetup\bin;C:\Program Files\PuTTY\;C:\Users\Migs\AppData\Local\Microsoft\WindowsApps;C:\Program Files\Microsoft VS Code\bin;C:\Users\Migs\AppData\Roaming\npm;C:\Program Files\Heroku\bin;C:\Users\Migs\AppData\Roaming\Composer\vendor\bin
10 verbose lifecycle SAJIC@1.0.0~prod: CWD: C:\Users\Migs\Projects\SAJIC
11 silly lifecycle SAJIC@1.0.0~prod: Args: [ '/d /s /c', 'webpack -p' ]
12 silly lifecycle SAJIC@1.0.0~prod: Returned: code: 2  signal: null
13 info lifecycle SAJIC@1.0.0~prod: Failed to exec prod script
14 verbose stack Error: SAJIC@1.0.0 prod: `webpack -p`
14 verbose stack Exit status 2
14 verbose stack     at EventEmitter.<anonymous> (C:\Program Files\nodejs\node_modules\npm\lib\utils\lifecycle.js:255:16)
14 verbose stack     at emitTwo (events.js:106:13)
14 verbose stack     at EventEmitter.emit (events.js:191:7)
14 verbose stack     at ChildProcess.<anonymous> (C:\Program Files\nodejs\node_modules\npm\lib\utils\spawn.js:40:14)
14 verbose stack     at emitTwo (events.js:106:13)
14 verbose stack     at ChildProcess.emit (events.js:191:7)
14 verbose stack     at maybeClose (internal/child_process.js:891:16)
14 verbose stack     at Process.ChildProcess._handle.onexit (internal/child_process.js:226:5)
15 verbose pkgid SAJIC@1.0.0
16 verbose cwd C:\Users\Migs\Projects\SAJIC
17 error Windows_NT 10.0.15063
18 error argv "C:\\Program Files\\nodejs\\node.exe" "C:\\Program Files\\nodejs\\node_modules\\npm\\bin\\npm-cli.js" "run" "prod"
19 error node v6.11.2
20 error npm  v3.10.10
21 error code ELIFECYCLE
22 error SAJIC@1.0.0 prod: `webpack -p`
22 error Exit status 2
23 error Failed at the SAJIC@1.0.0 prod script 'webpack -p'.
23 error Make sure you have the latest version of node.js and npm installed.
23 error If you do, this is most likely a problem with the SAJIC package,
23 error not with npm itself.
23 error Tell the author that this fails on your system:
23 error     webpack -p
23 error You can get information on how to open an issue for this project with:
23 error     npm bugs SAJIC
23 error Or if that isn't available, you can get their info via:
23 error     npm owner ls SAJIC
23 error There is likely additional logging output above.
24 verbose exit [ 1, true ]
